<?xml version="1.0" encoding="UTF-8"?><testsuite errors="0" failures="0" name="Create a new employee record" skipped="1" tests="1" time="0.19" timestamp="2021-02-18 01:12:11"><testcase name="Employee creation with Valid Input"><compromised message="Environment 'api.dns.book' property undefined for environment 'null'" type="net.serenitybdd.core.environment.UndefinedEnvironmentVariableException">Environment 'api.dns.book' property undefined for environment 'null'</compromised><system-err>Environment 'api.dns.book' property undefined for environment 'null'&#13;
samples.utils.EnvConfig.getApiProperty(EnvConfig.java:21)&#13;
samples.stepdefinitions.Book.init(Book.java:42)&#13;
cucumber.runner.HookDefinitionMatch.runStep(HookDefinitionMatch.java:16)&#13;
cucumber.runner.TestStep.executeStep(TestStep.java:65)&#13;
cucumber.runner.TestStep.run(TestStep.java:50)&#13;
cucumber.runner.TestCase.run(TestCase.java:42)&#13;
cucumber.runner.Runner.runPickle(Runner.java:50)&#13;
io.cucumber.junit.FeatureRunner.runChild(FeatureRunner.java:68)&#13;
io.cucumber.junit.FeatureRunner.runChild(FeatureRunner.java:23)&#13;
io.cucumber.junit.CucumberSerenityRunner.runChild(CucumberSerenityRunner.java:208)&#13;
io.cucumber.junit.CucumberSerenityRunner.runChild(CucumberSerenityRunner.java:66)&#13;
org.eclipse.jdt.internal.junit4.runner.JUnit4TestReference.run(JUnit4TestReference.java:89)&#13;
org.eclipse.jdt.internal.junit.runner.TestExecution.run(TestExecution.java:41)&#13;
org.eclipse.jdt.internal.junit.runner.RemoteTestRunner.runTests(RemoteTestRunner.java:541)&#13;
org.eclipse.jdt.internal.junit.runner.RemoteTestRunner.runTests(RemoteTestRunner.java:763)&#13;
org.eclipse.jdt.internal.junit.runner.RemoteTestRunner.run(RemoteTestRunner.java:463)&#13;
org.eclipse.jdt.internal.junit.runner.RemoteTestRunner.main(RemoteTestRunner.java:209)&#13;
</system-err></testcase></testsuite>